
Showing logs for build [32mcb-kubecd-environment-pr-469-2-zptw9-1[0m stage [32mfrom-build-pack[0m and container [32mstep-credential-initializer-44rwx[0m
{"level":"warn","ts":1585144390.4123936,"logger":"fallback-logger","caller":"logging/config.go:69","msg":"Fetch GitHub commit ID from kodata failed: \"ref: refs/heads/0.8.0-**-support-backwards-incompats\" is not a valid GitHub commit ID"}
{"level":"info","ts":1585144390.413342,"logger":"fallback-logger","caller":"creds-init/main.go:40","msg":"Credentials initialized."}

Showing logs for build [32mcb-kubecd-environment-pr-469-2-zptw9-1[0m stage [32mfrom-build-pack[0m and container [32mstep-working-dir-initializer-csv4d[0m
{"level":"warn","ts":1585144391.8377194,"logger":"fallback-logger","caller":"logging/config.go:69","msg":"Fetch GitHub commit ID from kodata failed: open /var/run/ko/HEAD: no such file or directory"}
{"level":"info","ts":1585144391.8398094,"logger":"fallback-logger","caller":"bash/main.go:64","msg":"Successfully executed command \"sh -c mkdir -p /workspace/source\"; output "}

Showing logs for build [32mcb-kubecd-environment-pr-469-2-zptw9-1[0m stage [32mfrom-build-pack[0m and container [32mstep-place-tools[0m

Showing logs for build [32mcb-kubecd-environment-pr-469-2-zptw9-1[0m stage [32mfrom-build-pack[0m and container [32mstep-git-source-cb-kubecd-environment-pr-469-2-zptw9-dwh4f[0m
{"level":"warn","ts":1585144397.8858988,"logger":"fallback-logger","caller":"logging/config.go:69","msg":"Fetch GitHub commit ID from kodata failed: \"ref: refs/heads/0.8.0-**-support-backwards-incompats\" is not a valid GitHub commit ID"}
{"level":"info","ts":1585144398.9582033,"logger":"fallback-logger","caller":"git/git.go:103","msg":"Successfully cloned https://github.com/cb-kubecd/environment-pr-469-2-bdd-frontend-staging.git @ master in path /workspace/source"}

Showing logs for build [32mcb-kubecd-environment-pr-469-2-zptw9-1[0m stage [32mfrom-build-pack[0m and container [32mstep-git-merge[0m
Using SHAs from PULL_REFS=master:23a9da28d29dd9426df0fa84bc55749a4e599023,1:5bec414cdb971e79dd168cf6d110c71118f1f516
DEBUG: LC_ALL=C JX_LOG_LEVEL=error git fetch origin --unshallow 5bec414cdb971e79dd168cf6d110c71118f1f516: 23a9da28d29dd9426df0fa84bc55749a4e599023:
DEBUG: ran git fetch --unshallow origin 5bec414cdb971e79dd168cf6d110c71118f1f516: 23a9da28d29dd9426df0fa84bc55749a4e599023: in 
DEBUG: LC_ALL=C JX_LOG_LEVEL=error git branch
DEBUG: JX_LOG_LEVEL=error LC_ALL=C git checkout master
DEBUG: ran git checkout master in 
DEBUG: LC_ALL=C JX_LOG_LEVEL=error git reset --hard 23a9da28d29dd9426df0fa84bc55749a4e599023
DEBUG: ran git reset --hard 23a9da28d29dd9426df0fa84bc55749a4e599023 in 
DEBUG: LC_ALL=C JX_LOG_LEVEL=error git clean -fd .
DEBUG: ran clean --force -d . in 
DEBUG: LC_ALL=C JX_LOG_LEVEL=error git merge 5bec414cdb971e79dd168cf6d110c71118f1f516
DEBUG: ran git merge 5bec414cdb971e79dd168cf6d110c71118f1f516 in 
DEBUG: LC_ALL=C JX_LOG_LEVEL=error git log --format=%H%x1f%an%x1f%ae%x1f%cn%x1f%ce%x1f%s%n%b%x1e 23a9da28d29dd9426df0fa84bc55749a4e599023..HEAD
Merged SHA 5bec414cdb971e79dd168cf6d110c71118f1f516 with commit message 'chore: Promote bdd-nh-1585143445 to version 0.0.1' into base branch master

Showing logs for build [32mcb-kubecd-environment-pr-469-2-zptw9-1[0m stage [32mfrom-build-pack[0m and container [32mstep-build-helm-build[0m
WARNING: No $CHART_REPOSITORY defined so using the default value of: http://jenkins-x-chartmuseum:8080
Adding missing Helm repo: storage.googleapis.com https://storage.googleapis.com/chartmuseum.jenkins-x.io
WARNING: No secrets found on "helm/repos" due: reading the secret "helm/repos" from vault: no secret "helm/repos" not found in vault
Read credentials for https://storage.googleapis.com/chartmuseum.jenkins-x.io from vault helm/repos
Successfully added Helm repository storage.googleapis.com.
Adding missing Helm repo: jenkins-x-chartmuseum http://jenkins-x-chartmuseum:8080
WARNING: No secrets found on "helm/repos" due: reading the secret "helm/repos" from vault: no secret "helm/repos" not found in vault
Read credentials for http://jenkins-x-chartmuseum:8080 from vault helm/repos
Successfully added Helm repository jenkins-x-chartmuseum.
WARNING: No $CHART_REPOSITORY defined so using the default value of: http://jenkins-x-chartmuseum:8080
Adding missing Helm repo: chartmuseum.jenkins-x.io http://chartmuseum.jenkins-x.io
WARNING: No secrets found on "helm/repos" due: reading the secret "helm/repos" from vault: no secret "helm/repos" not found in vault
Read credentials for http://chartmuseum.jenkins-x.io from vault helm/repos
Successfully added Helm repository chartmuseum.jenkins-x.io.
